{"level":"info","message":"Сервер запущен по адресу http://localhost:3000","timestamp":"2025-08-07T22:28:40.850Z"}
{"level":"info","message":"Сервер запущен по адресу http://localhost:3000","timestamp":"2025-08-07T23:04:41.992Z"}
{"level":"info","message":"Пользователь зарегистрирован: testuser1","timestamp":"2025-08-07T23:06:10.276Z"}
{"level":"info","message":"Пользователь авторизован: testuser1","timestamp":"2025-08-07T23:06:54.904Z"}
{"level":"info","message":"Пользователь зарегистрирован: testuser2","timestamp":"2025-08-07T23:07:55.153Z"}
{"level":"info","message":"Пользователь авторизован: testuser2","timestamp":"2025-08-07T23:08:25.325Z"}
{"level":"info","message":"Сервер запущен по адресу http://localhost:3000","timestamp":"2025-08-07T23:22:47.323Z"}
{"level":"info","message":"Сервер запущен по адресу http://localhost:3000","timestamp":"2025-08-07T23:28:20.048Z"}
{"level":"info","message":"Сервер запущен на http://localhost:3000","timestamp":"2025-08-11T13:23:13.384Z"}
{"cause":{"commonWireVersion":0,"compatible":true,"heartbeatFrequencyMS":10000,"localThresholdMS":15,"logicalSessionTimeoutMinutes":null,"maxElectionId":null,"maxSetVersion":null,"servers":{"127.0.0.1:27017":{"$clusterTime":null,"address":"127.0.0.1:27017","arbiters":[],"electionId":null,"error":{"beforeHandshake":false,"errorLabelSet":{}},"hosts":[],"iscryptd":false,"lastUpdateTime":51775921,"lastWriteDate":0,"logicalSessionTimeoutMinutes":null,"maxBsonObjectSize":null,"maxMessageSizeBytes":null,"maxWireVersion":0,"maxWriteBatchSize":null,"me":null,"minRoundTripTime":0,"minWireVersion":0,"passives":[],"primary":null,"roundTripTime":-1,"setName":null,"setVersion":null,"tags":{},"topologyVersion":null,"type":"Unknown"}},"setName":null,"stale":false,"type":"Unknown"},"errorLabelSet":{},"level":"error","message":"Ошибка MongoDB: connect ECONNREFUSED 127.0.0.1:27017","reason":{"commonWireVersion":0,"compatible":true,"heartbeatFrequencyMS":10000,"localThresholdMS":15,"logicalSessionTimeoutMinutes":null,"maxElectionId":null,"maxSetVersion":null,"servers":{"127.0.0.1:27017":{"$clusterTime":null,"address":"127.0.0.1:27017","arbiters":[],"electionId":null,"error":{"beforeHandshake":false,"errorLabelSet":{}},"hosts":[],"iscryptd":false,"lastUpdateTime":51775921,"lastWriteDate":0,"logicalSessionTimeoutMinutes":null,"maxBsonObjectSize":null,"maxMessageSizeBytes":null,"maxWireVersion":0,"maxWriteBatchSize":null,"me":null,"minRoundTripTime":0,"minWireVersion":0,"passives":[],"primary":null,"roundTripTime":-1,"setName":null,"setVersion":null,"tags":{},"topologyVersion":null,"type":"Unknown"}},"setName":null,"stale":false,"type":"Unknown"},"stack":"MongooseServerSelectionError: connect ECONNREFUSED 127.0.0.1:27017\n    at _handleConnectionErrors (D:\\CHOIZZE\\choizze-backend\\node_modules\\mongoose\\lib\\connection.js:1165:11)\n    at NativeConnection.openUri (D:\\CHOIZZE\\choizze-backend\\node_modules\\mongoose\\lib\\connection.js:1096:11)","timestamp":"2025-08-11T13:23:43.292Z"}
{"level":"info","message":"Сервер запущен на http://localhost:3000","timestamp":"2025-08-11T13:25:01.702Z"}
{"cause":{"commonWireVersion":0,"compatible":true,"heartbeatFrequencyMS":10000,"localThresholdMS":15,"logicalSessionTimeoutMinutes":null,"maxElectionId":null,"maxSetVersion":null,"servers":{"127.0.0.1:27017":{"$clusterTime":null,"address":"127.0.0.1:27017","arbiters":[],"electionId":null,"error":{"beforeHandshake":false,"errorLabelSet":{}},"hosts":[],"iscryptd":false,"lastUpdateTime":51884094,"lastWriteDate":0,"logicalSessionTimeoutMinutes":null,"maxBsonObjectSize":null,"maxMessageSizeBytes":null,"maxWireVersion":0,"maxWriteBatchSize":null,"me":null,"minRoundTripTime":0,"minWireVersion":0,"passives":[],"primary":null,"roundTripTime":-1,"setName":null,"setVersion":null,"tags":{},"topologyVersion":null,"type":"Unknown"}},"setName":null,"stale":false,"type":"Unknown"},"errorLabelSet":{},"level":"error","message":"Ошибка MongoDB: connect ECONNREFUSED 127.0.0.1:27017","reason":{"commonWireVersion":0,"compatible":true,"heartbeatFrequencyMS":10000,"localThresholdMS":15,"logicalSessionTimeoutMinutes":null,"maxElectionId":null,"maxSetVersion":null,"servers":{"127.0.0.1:27017":{"$clusterTime":null,"address":"127.0.0.1:27017","arbiters":[],"electionId":null,"error":{"beforeHandshake":false,"errorLabelSet":{}},"hosts":[],"iscryptd":false,"lastUpdateTime":51884094,"lastWriteDate":0,"logicalSessionTimeoutMinutes":null,"maxBsonObjectSize":null,"maxMessageSizeBytes":null,"maxWireVersion":0,"maxWriteBatchSize":null,"me":null,"minRoundTripTime":0,"minWireVersion":0,"passives":[],"primary":null,"roundTripTime":-1,"setName":null,"setVersion":null,"tags":{},"topologyVersion":null,"type":"Unknown"}},"setName":null,"stale":false,"type":"Unknown"},"stack":"MongooseServerSelectionError: connect ECONNREFUSED 127.0.0.1:27017\n    at _handleConnectionErrors (D:\\CHOIZZE\\choizze-backend\\node_modules\\mongoose\\lib\\connection.js:1165:11)\n    at NativeConnection.openUri (D:\\CHOIZZE\\choizze-backend\\node_modules\\mongoose\\lib\\connection.js:1096:11)","timestamp":"2025-08-11T13:25:31.642Z"}
{"level":"error","message":"Ошибка регистрации: Operation `users.insertOne()` buffering timed out after 10000ms","stack":"MongooseError: Operation `users.insertOne()` buffering timed out after 10000ms\n    at Timeout.<anonymous> (D:\\CHOIZZE\\choizze-backend\\node_modules\\mongoose\\lib\\drivers\\node-mongodb-native\\collection.js:187:23)\n    at listOnTimeout (node:internal/timers:569:17)\n    at process.processTimers (node:internal/timers:512:7)","timestamp":"2025-08-11T13:26:58.983Z"}
{"level":"error","message":"Ошибка регистрации: Operation `users.insertOne()` buffering timed out after 10000ms","stack":"MongooseError: Operation `users.insertOne()` buffering timed out after 10000ms\n    at Timeout.<anonymous> (D:\\CHOIZZE\\choizze-backend\\node_modules\\mongoose\\lib\\drivers\\node-mongodb-native\\collection.js:187:23)\n    at listOnTimeout (node:internal/timers:569:17)\n    at process.processTimers (node:internal/timers:512:7)","timestamp":"2025-08-11T13:28:08.601Z"}
{"level":"info","message":"Сервер запущен на http://localhost:3000","timestamp":"2025-08-11T13:34:46.599Z"}
{"level":"info","message":"MongoDB подключён","timestamp":"2025-08-11T13:34:46.815Z"}
{"level":"info","message":"Пользователь зарегистрирован: 6899f19a21bc9a8b3b747a17","timestamp":"2025-08-11T13:35:23.244Z"}
{"level":"info","message":"Пост создан: 6899f2c421bc9a8b3b747a21","timestamp":"2025-08-11T13:40:21.039Z"}
{"level":"info","message":"Лайк поста: 6899f2c421bc9a8b3b747a21 пользователем 6899f19a21bc9a8b3b747a17","timestamp":"2025-08-11T13:58:43.968Z"}
{"code":"ENOTFOUND","errno":"ENOTFOUND","level":"error","message":"Ошибка проверки BestChange: request to https://api.trongrid.io/v1/accounts/TFnzRB9fRciyoeyCWB9YXDUshCSSJVvYYE/transactions/trc20 failed, reason: getaddrinfo ENOTFOUND api.trongrid.io","stack":"FetchError: request to https://api.trongrid.io/v1/accounts/TFnzRB9fRciyoeyCWB9YXDUshCSSJVvYYE/transactions/trc20 failed, reason: getaddrinfo ENOTFOUND api.trongrid.io\n    at ClientRequest.<anonymous> (D:\\CHOIZZE\\choizze-backend\\node_modules\\node-fetch\\lib\\index.js:1501:11)\n    at ClientRequest.emit (node:events:514:28)\n    at TLSSocket.socketErrorListener (node:_http_client:501:9)\n    at TLSSocket.emit (node:events:514:28)\n    at emitErrorNT (node:internal/streams/destroy:151:8)\n    at emitErrorCloseNT (node:internal/streams/destroy:116:3)\n    at process.processTicksAndRejections (node:internal/process/task_queues:82:21)","timestamp":"2025-08-11T14:08:46.847Z","type":"system"}
{"code":"ENOTFOUND","errno":"ENOTFOUND","level":"error","message":"Ошибка проверки BestChange: request to https://api.trongrid.io/v1/accounts/TFnzRB9fRciyoeyCWB9YXDUshCSSJVvYYE/transactions/trc20 failed, reason: getaddrinfo ENOTFOUND api.trongrid.io","stack":"FetchError: request to https://api.trongrid.io/v1/accounts/TFnzRB9fRciyoeyCWB9YXDUshCSSJVvYYE/transactions/trc20 failed, reason: getaddrinfo ENOTFOUND api.trongrid.io\n    at ClientRequest.<anonymous> (D:\\CHOIZZE\\choizze-backend\\node_modules\\node-fetch\\lib\\index.js:1501:11)\n    at ClientRequest.emit (node:events:514:28)\n    at TLSSocket.socketErrorListener (node:_http_client:501:9)\n    at TLSSocket.emit (node:events:514:28)\n    at emitErrorNT (node:internal/streams/destroy:151:8)\n    at emitErrorCloseNT (node:internal/streams/destroy:116:3)\n    at process.processTicksAndRejections (node:internal/process/task_queues:82:21)","timestamp":"2025-08-11T14:09:46.855Z","type":"system"}
{"level":"info","message":"Пост создан: 6899fad021bc9a8b3b747a2f","timestamp":"2025-08-11T14:14:40.427Z"}
{"level":"info","message":"Лайк поста: 6899fad021bc9a8b3b747a2f пользователем 6899f19a21bc9a8b3b747a17","timestamp":"2025-08-11T14:16:06.230Z"}
{"level":"error","message":"Ошибка проверки токена: invalid signature","name":"JsonWebTokenError","stack":"JsonWebTokenError: invalid signature\n    at D:\\CHOIZZE\\choizze-backend\\node_modules\\jsonwebtoken\\verify.js:171:19\n    at getSecret (D:\\CHOIZZE\\choizze-backend\\node_modules\\jsonwebtoken\\verify.js:97:14)\n    at module.exports [as verify] (D:\\CHOIZZE\\choizze-backend\\node_modules\\jsonwebtoken\\verify.js:101:10)\n    at authMiddleware (D:\\CHOIZZE\\choizze-backend\\server.js:187:25)\n    at Layer.handle [as handle_request] (D:\\CHOIZZE\\choizze-backend\\node_modules\\express\\lib\\router\\layer.js:95:5)\n    at next (D:\\CHOIZZE\\choizze-backend\\node_modules\\express\\lib\\router\\route.js:149:13)\n    at Route.dispatch (D:\\CHOIZZE\\choizze-backend\\node_modules\\express\\lib\\router\\route.js:119:3)\n    at Layer.handle [as handle_request] (D:\\CHOIZZE\\choizze-backend\\node_modules\\express\\lib\\router\\layer.js:95:5)\n    at D:\\CHOIZZE\\choizze-backend\\node_modules\\express\\lib\\router\\index.js:284:15\n    at param (D:\\CHOIZZE\\choizze-backend\\node_modules\\express\\lib\\router\\index.js:365:14)","timestamp":"2025-08-11T14:18:42.874Z"}
{"level":"error","message":"Ошибка проверки токена: invalid signature","name":"JsonWebTokenError","stack":"JsonWebTokenError: invalid signature\n    at D:\\CHOIZZE\\choizze-backend\\node_modules\\jsonwebtoken\\verify.js:171:19\n    at getSecret (D:\\CHOIZZE\\choizze-backend\\node_modules\\jsonwebtoken\\verify.js:97:14)\n    at module.exports [as verify] (D:\\CHOIZZE\\choizze-backend\\node_modules\\jsonwebtoken\\verify.js:101:10)\n    at authMiddleware (D:\\CHOIZZE\\choizze-backend\\server.js:187:25)\n    at Layer.handle [as handle_request] (D:\\CHOIZZE\\choizze-backend\\node_modules\\express\\lib\\router\\layer.js:95:5)\n    at next (D:\\CHOIZZE\\choizze-backend\\node_modules\\express\\lib\\router\\route.js:149:13)\n    at Route.dispatch (D:\\CHOIZZE\\choizze-backend\\node_modules\\express\\lib\\router\\route.js:119:3)\n    at Layer.handle [as handle_request] (D:\\CHOIZZE\\choizze-backend\\node_modules\\express\\lib\\router\\layer.js:95:5)\n    at D:\\CHOIZZE\\choizze-backend\\node_modules\\express\\lib\\router\\index.js:284:15\n    at param (D:\\CHOIZZE\\choizze-backend\\node_modules\\express\\lib\\router\\index.js:365:14)","timestamp":"2025-08-11T14:18:59.408Z"}
{"level":"info","message":"Пользователь авторизован: 6899f19a21bc9a8b3b747a17","timestamp":"2025-08-11T14:19:51.814Z"}
{"level":"info","message":"Сервер запущен на http://localhost:3000","timestamp":"2025-08-11T14:23:26.442Z"}
{"level":"info","message":"MongoDB подключён","timestamp":"2025-08-11T14:23:26.543Z"}
{"level":"info","message":"FaucetPay платёж инициирован: 6899fd687b4cf1bb7491f04d","timestamp":"2025-08-11T14:25:44.161Z"}
{"level":"info","message":"Сервер запущен на http://localhost:3000","timestamp":"2025-08-11T14:53:50.440Z"}
{"level":"info","message":"MongoDB подключён","timestamp":"2025-08-11T14:53:50.516Z"}
{"level":"info","message":"Сервер запущен на http://localhost:3000","timestamp":"2025-08-11T14:56:27.833Z"}
{"level":"info","message":"MongoDB подключён","timestamp":"2025-08-11T14:56:27.905Z"}
{"level":"info","message":"Сервер запущен на http://localhost:3000","timestamp":"2025-08-11T14:57:56.927Z"}
{"level":"info","message":"MongoDB подключён","timestamp":"2025-08-11T14:57:57.015Z"}
{"level":"info","message":"Сервер запущен на http://localhost:3000","timestamp":"2025-08-11T14:58:21.393Z"}
{"level":"info","message":"MongoDB подключён","timestamp":"2025-08-11T14:58:21.469Z"}
{"level":"info","message":"Сервер запущен на http://localhost:3000","timestamp":"2025-08-11T15:31:22.678Z"}
{"level":"info","message":"MongoDB подключён","timestamp":"2025-08-11T15:31:22.792Z"}
{"level":"info","message":"Сервер запущен на http://localhost:3000","timestamp":"2025-08-11T15:32:44.907Z"}
{"level":"info","message":"MongoDB подключён","timestamp":"2025-08-11T15:32:44.993Z"}
{"level":"info","message":"Сервер запущен на http://localhost:3000","timestamp":"2025-08-11T15:55:34.603Z"}
{"level":"info","message":"MongoDB подключён","timestamp":"2025-08-11T15:55:34.676Z"}
{"level":"info","message":"Сервер запущен на http://localhost:3000","timestamp":"2025-08-11T15:57:54.818Z"}
{"level":"info","message":"MongoDB подключён","timestamp":"2025-08-11T15:57:54.888Z"}
{"level":"info","message":"Сервер запущен на http://localhost:3000","timestamp":"2025-08-11T16:00:51.222Z"}
{"level":"info","message":"MongoDB подключён","timestamp":"2025-08-11T16:00:51.283Z"}
{"level":"info","message":"Сервер запущен на http://localhost:3000","timestamp":"2025-08-11T16:01:26.101Z"}
{"level":"info","message":"MongoDB подключён","timestamp":"2025-08-11T16:01:26.169Z"}
{"level":"info","message":"Сервер запущен на http://localhost:3000","timestamp":"2025-08-11T16:02:07.181Z"}
{"level":"info","message":"MongoDB подключён","timestamp":"2025-08-11T16:02:07.245Z"}
{"level":"info","message":"Сервер запущен на http://localhost:3000","timestamp":"2025-08-11T16:03:37.920Z"}
{"level":"info","message":"MongoDB подключён","timestamp":"2025-08-11T16:03:37.995Z"}
{"code":11000,"errorLabelSet":{},"errorResponse":{"code":11000,"errmsg":"E11000 duplicate key error collection: choizze.users index: username_1 dup key: { username: \"testuser3\" }","index":0,"keyPattern":{"username":1},"keyValue":{"username":"testuser3"}},"index":0,"keyPattern":{"username":1},"keyValue":{"username":"testuser3"},"level":"error","message":"Ошибка регистрации: E11000 duplicate key error collection: choizze.users index: username_1 dup key: { username: \"testuser3\" }","stack":"MongoServerError: E11000 duplicate key error collection: choizze.users index: username_1 dup key: { username: \"testuser3\" }\n    at InsertOneOperation.execute (D:\\CHOIZZE\\choizze-backend\\node_modules\\mongodb\\lib\\operations\\insert.js:51:19)\n    at process.processTicksAndRejections (node:internal/process/task_queues:95:5)\n    at async tryOperation (D:\\CHOIZZE\\choizze-backend\\node_modules\\mongodb\\lib\\operations\\execute_operation.js:207:20)\n    at async executeOperation (D:\\CHOIZZE\\choizze-backend\\node_modules\\mongodb\\lib\\operations\\execute_operation.js:75:16)\n    at async Collection.insertOne (D:\\CHOIZZE\\choizze-backend\\node_modules\\mongodb\\lib\\collection.js:157:16)","timestamp":"2025-08-11T16:06:48.295Z"}
{"level":"info","message":"Сервер запущен на http://localhost:3000","timestamp":"2025-08-11T16:08:31.309Z"}
{"level":"info","message":"MongoDB подключён","timestamp":"2025-08-11T16:08:31.376Z"}
{"level":"info","message":"Сервер запущен на http://localhost:3000","timestamp":"2025-08-11T16:10:09.693Z"}
{"level":"info","message":"MongoDB подключён","timestamp":"2025-08-11T16:10:09.762Z"}
{"level":"info","message":"Сервер запущен на http://localhost:3000","timestamp":"2025-08-11T16:12:03.660Z"}
{"level":"info","message":"MongoDB подключён","timestamp":"2025-08-11T16:12:03.728Z"}
{"code":"ECONNRESET","errno":"ECONNRESET","level":"error","message":"Ошибка проверки BestChange: request to https://api.trongrid.io/v1/accounts/TFnzRB9fRciyoeyCWB9YXDUshCSSJVvYYE/transactions/trc20 failed, reason: read ECONNRESET","stack":"FetchError: request to https://api.trongrid.io/v1/accounts/TFnzRB9fRciyoeyCWB9YXDUshCSSJVvYYE/transactions/trc20 failed, reason: read ECONNRESET\n    at ClientRequest.<anonymous> (D:\\CHOIZZE\\choizze-backend\\node_modules\\node-fetch\\lib\\index.js:1501:11)\n    at ClientRequest.emit (node:events:514:28)\n    at TLSSocket.socketErrorListener (node:_http_client:501:9)\n    at TLSSocket.emit (node:events:514:28)\n    at emitErrorNT (node:internal/streams/destroy:151:8)\n    at emitErrorCloseNT (node:internal/streams/destroy:116:3)\n    at process.processTicksAndRejections (node:internal/process/task_queues:82:21)","timestamp":"2025-08-11T16:13:12.913Z","type":"system"}
{"code":"ENOTFOUND","errno":"ENOTFOUND","level":"error","message":"Ошибка проверки BestChange: request to https://api.trongrid.io/v1/accounts/TFnzRB9fRciyoeyCWB9YXDUshCSSJVvYYE/transactions/trc20 failed, reason: getaddrinfo ENOTFOUND api.trongrid.io","stack":"FetchError: request to https://api.trongrid.io/v1/accounts/TFnzRB9fRciyoeyCWB9YXDUshCSSJVvYYE/transactions/trc20 failed, reason: getaddrinfo ENOTFOUND api.trongrid.io\n    at ClientRequest.<anonymous> (D:\\CHOIZZE\\choizze-backend\\node_modules\\node-fetch\\lib\\index.js:1501:11)\n    at ClientRequest.emit (node:events:514:28)\n    at TLSSocket.socketErrorListener (node:_http_client:501:9)\n    at TLSSocket.emit (node:events:514:28)\n    at emitErrorNT (node:internal/streams/destroy:151:8)\n    at emitErrorCloseNT (node:internal/streams/destroy:116:3)\n    at process.processTicksAndRejections (node:internal/process/task_queues:82:21)","timestamp":"2025-08-11T16:21:14.875Z","type":"system"}
{"level":"info","message":"Сервер запущен на http://localhost:3000","timestamp":"2025-08-11T16:21:25.576Z"}
{"level":"info","message":"MongoDB подключён","timestamp":"2025-08-11T16:21:25.643Z"}
{"level":"info","message":"Сервер запущен на http://localhost:3000","timestamp":"2025-08-11T20:39:51.365Z"}
{"level":"info","message":"MongoDB подключён","timestamp":"2025-08-11T20:39:51.441Z"}
{"level":"info","message":"Сервер запущен на http://localhost:3000","timestamp":"2025-08-11T20:54:26.483Z"}
{"level":"info","message":"MongoDB подключён","timestamp":"2025-08-11T20:54:26.591Z"}
{"level":"info","message":"Сервер запущен на http://localhost:3000","timestamp":"2025-08-11T21:04:40.912Z"}
{"level":"info","message":"MongoDB подключён","timestamp":"2025-08-11T21:04:40.995Z"}
{"level":"info","message":"Сервер запущен на http://localhost:3000","timestamp":"2025-08-11T21:07:07.049Z"}
{"level":"info","message":"MongoDB подключён","timestamp":"2025-08-11T21:07:07.132Z"}
{"level":"info","message":"Сервер запущен на http://localhost:3000","timestamp":"2025-08-11T21:09:08.956Z"}
{"level":"info","message":"MongoDB подключён","timestamp":"2025-08-11T21:09:09.031Z"}
{"level":"info","message":"Сервер запущен на http://localhost:3000","timestamp":"2025-08-11T21:16:53.332Z"}
{"level":"info","message":"MongoDB подключён","timestamp":"2025-08-11T21:16:53.430Z"}
{"level":"info","message":"Сервер запущен на http://localhost:3000","timestamp":"2025-08-11T21:20:39.346Z"}
{"level":"info","message":"MongoDB подключён","timestamp":"2025-08-11T21:20:39.441Z"}
{"level":"info","message":"Пользователь зарегистрирован: 689a60d8ccc00856b2741845","timestamp":"2025-08-11T21:30:00.978Z"}
{"level":"info","message":"Сервер запущен на http://localhost:3000","timestamp":"2025-08-11T21:45:30.917Z"}
{"level":"info","message":"MongoDB подключён","timestamp":"2025-08-11T21:45:30.995Z"}
{"level":"info","message":"Пользователь зарегистрирован: 689a64d214c30eb3a14a8146","timestamp":"2025-08-11T21:46:58.158Z"}
{"level":"info","message":"Сервер запущен на http://localhost:3000","timestamp":"2025-08-11T21:49:54.336Z"}
{"level":"info","message":"MongoDB подключён","timestamp":"2025-08-11T21:49:54.418Z"}
{"code":11000,"errorLabelSet":{},"errorResponse":{"code":11000,"errmsg":"E11000 duplicate key error collection: choizze.users index: username_1 dup key: { username: \"testuser11\" }","index":0,"keyPattern":{"username":1},"keyValue":{"username":"testuser11"}},"index":0,"keyPattern":{"username":1},"keyValue":{"username":"testuser11"},"level":"error","message":"Ошибка регистрации: E11000 duplicate key error collection: choizze.users index: username_1 dup key: { username: \"testuser11\" }","stack":"MongoServerError: E11000 duplicate key error collection: choizze.users index: username_1 dup key: { username: \"testuser11\" }\n    at InsertOneOperation.execute (D:\\CHOIZZE\\choizze-backend\\node_modules\\mongodb\\lib\\operations\\insert.js:51:19)\n    at process.processTicksAndRejections (node:internal/process/task_queues:95:5)\n    at async tryOperation (D:\\CHOIZZE\\choizze-backend\\node_modules\\mongodb\\lib\\operations\\execute_operation.js:207:20)\n    at async executeOperation (D:\\CHOIZZE\\choizze-backend\\node_modules\\mongodb\\lib\\operations\\execute_operation.js:75:16)\n    at async Collection.insertOne (D:\\CHOIZZE\\choizze-backend\\node_modules\\mongodb\\lib\\collection.js:157:16)","timestamp":"2025-08-11T21:50:08.166Z"}
{"level":"info","message":"Сервер запущен на http://localhost:3000","timestamp":"2025-08-11T21:56:07.840Z"}
{"level":"info","message":"MongoDB подключён","timestamp":"2025-08-11T21:56:07.907Z"}
{"code":11000,"errorLabelSet":{},"errorResponse":{"code":11000,"errmsg":"E11000 duplicate key error collection: choizze.users index: username_1 dup key: { username: \"testuser11\" }","index":0,"keyPattern":{"username":1},"keyValue":{"username":"testuser11"}},"index":0,"keyPattern":{"username":1},"keyValue":{"username":"testuser11"},"level":"error","message":"Ошибка регистрации: E11000 duplicate key error collection: choizze.users index: username_1 dup key: { username: \"testuser11\" }","stack":"MongoServerError: E11000 duplicate key error collection: choizze.users index: username_1 dup key: { username: \"testuser11\" }\n    at InsertOneOperation.execute (D:\\CHOIZZE\\choizze-backend\\node_modules\\mongodb\\lib\\operations\\insert.js:51:19)\n    at process.processTicksAndRejections (node:internal/process/task_queues:95:5)\n    at async tryOperation (D:\\CHOIZZE\\choizze-backend\\node_modules\\mongodb\\lib\\operations\\execute_operation.js:207:20)\n    at async executeOperation (D:\\CHOIZZE\\choizze-backend\\node_modules\\mongodb\\lib\\operations\\execute_operation.js:75:16)\n    at async Collection.insertOne (D:\\CHOIZZE\\choizze-backend\\node_modules\\mongodb\\lib\\collection.js:157:16)","timestamp":"2025-08-11T21:56:15.842Z"}
{"level":"info","message":"Сервер запущен на http://localhost:3000","timestamp":"2025-08-11T21:56:32.086Z"}
{"level":"info","message":"MongoDB подключён","timestamp":"2025-08-11T21:56:32.164Z"}
{"code":11000,"errorLabelSet":{},"errorResponse":{"code":11000,"errmsg":"E11000 duplicate key error collection: choizze.users index: username_1 dup key: { username: \"testuser11\" }","index":0,"keyPattern":{"username":1},"keyValue":{"username":"testuser11"}},"index":0,"keyPattern":{"username":1},"keyValue":{"username":"testuser11"},"level":"error","message":"Ошибка регистрации: E11000 duplicate key error collection: choizze.users index: username_1 dup key: { username: \"testuser11\" }","stack":"MongoServerError: E11000 duplicate key error collection: choizze.users index: username_1 dup key: { username: \"testuser11\" }\n    at InsertOneOperation.execute (D:\\CHOIZZE\\choizze-backend\\node_modules\\mongodb\\lib\\operations\\insert.js:51:19)\n    at process.processTicksAndRejections (node:internal/process/task_queues:95:5)\n    at async tryOperation (D:\\CHOIZZE\\choizze-backend\\node_modules\\mongodb\\lib\\operations\\execute_operation.js:207:20)\n    at async executeOperation (D:\\CHOIZZE\\choizze-backend\\node_modules\\mongodb\\lib\\operations\\execute_operation.js:75:16)\n    at async Collection.insertOne (D:\\CHOIZZE\\choizze-backend\\node_modules\\mongodb\\lib\\collection.js:157:16)","timestamp":"2025-08-11T21:56:40.626Z"}
{"level":"info","message":"Пользователь зарегистрирован: 689a673037e266df2c1d7cfb","timestamp":"2025-08-11T21:57:04.023Z"}
{"level":"info","message":"Сервер запущен на http://localhost:3000","timestamp":"2025-08-12T01:20:39.234Z"}
{"level":"info","message":"MongoDB подключён","timestamp":"2025-08-12T01:21:01.233Z"}
{"level":"info","message":"Сервер запущен на http://localhost:3000","timestamp":"2025-08-12T01:33:40.295Z"}
{"level":"info","message":"MongoDB подключён","timestamp":"2025-08-12T01:33:40.367Z"}
{"level":"info","message":"Сервер запущен на http://localhost:3000","timestamp":"2025-08-12T01:54:21.740Z"}
{"level":"info","message":"MongoDB подключён","timestamp":"2025-08-12T01:54:21.830Z"}
{"level":"info","message":"Сервер запущен на http://localhost:3000","timestamp":"2025-08-12T01:58:16.619Z"}
{"level":"info","message":"MongoDB подключён","timestamp":"2025-08-12T01:58:16.706Z"}
{"level":"info","message":"Сервер запущен на http://localhost:3000","timestamp":"2025-08-12T02:07:41.250Z"}
{"level":"info","message":"MongoDB подключён","timestamp":"2025-08-12T02:07:41.328Z"}
{"level":"info","message":"Сервер запущен на http://localhost:3000","timestamp":"2025-08-12T02:08:42.993Z"}
{"level":"info","message":"MongoDB подключён","timestamp":"2025-08-12T02:08:43.064Z"}
{"level":"info","message":"Сервер запущен на http://localhost:3000","timestamp":"2025-08-12T02:08:46.275Z"}
{"level":"info","message":"MongoDB подключён","timestamp":"2025-08-12T02:08:46.360Z"}
{"level":"info","message":"Сервер запущен на http://localhost:3000","timestamp":"2025-08-12T02:38:19.783Z"}
{"level":"info","message":"MongoDB подключён","timestamp":"2025-08-12T02:38:19.854Z"}
{"level":"info","message":"Сервер запущен на http://localhost:3000","timestamp":"2025-08-12T02:54:17.760Z"}
{"level":"info","message":"MongoDB подключён","timestamp":"2025-08-12T02:54:17.833Z"}
{"level":"info","message":"Сервер запущен на http://localhost:3000","timestamp":"2025-08-12T02:57:55.746Z"}
{"level":"info","message":"MongoDB подключён","timestamp":"2025-08-12T02:57:55.823Z"}
{"level":"info","message":"Сервер запущен на http://localhost:3000","timestamp":"2025-08-12T03:05:45.129Z"}
{"level":"info","message":"MongoDB подключён","timestamp":"2025-08-12T03:05:45.204Z"}
{"level":"info","message":"Сервер запущен на http://localhost:3000","timestamp":"2025-08-12T03:08:32.568Z"}
{"level":"info","message":"MongoDB подключён","timestamp":"2025-08-12T03:08:32.705Z"}
{"level":"info","message":"Сервер запущен на http://localhost:3000","timestamp":"2025-08-12T03:33:14.379Z"}
{"level":"info","message":"MongoDB подключён","timestamp":"2025-08-12T03:33:14.451Z"}
{"level":"info","message":"Сервер запущен на http://localhost:3000","timestamp":"2025-08-12T03:34:00.345Z"}
{"level":"info","message":"MongoDB подключён","timestamp":"2025-08-12T03:34:00.423Z"}
{"level":"info","message":"Сервер запущен на http://localhost:3000","timestamp":"2025-08-12T03:46:07.404Z"}
{"level":"info","message":"MongoDB подключён","timestamp":"2025-08-12T03:46:07.489Z"}
{"level":"info","message":"Сервер запущен на http://localhost:3000","timestamp":"2025-08-12T03:48:32.515Z"}
{"level":"info","message":"MongoDB подключён","timestamp":"2025-08-12T03:48:32.587Z"}
{"level":"info","message":"Сервер запущен на http://localhost:3000","timestamp":"2025-08-12T03:56:07.592Z"}
{"level":"info","message":"MongoDB подключён","timestamp":"2025-08-12T03:56:07.676Z"}
{"level":"info","message":"Сервер запущен на http://localhost:3000","timestamp":"2025-08-12T03:56:15.187Z"}
{"level":"info","message":"MongoDB подключён","timestamp":"2025-08-12T03:56:15.275Z"}
{"level":"info","message":"Сервер запущен на http://localhost:3000","timestamp":"2025-08-12T04:02:10.875Z"}
{"level":"info","message":"MongoDB подключён","timestamp":"2025-08-12T04:02:10.972Z"}
{"level":"info","message":"Сервер запущен на http://localhost:3000","timestamp":"2025-08-12T04:09:29.121Z"}
{"level":"info","message":"MongoDB подключён","timestamp":"2025-08-12T04:09:29.201Z"}
{"level":"info","message":"Сервер запущен на http://localhost:3000","timestamp":"2025-08-12T04:10:16.762Z"}
{"level":"info","message":"MongoDB подключён","timestamp":"2025-08-12T04:10:16.835Z"}
{"level":"info","message":"Сервер запущен на http://localhost:3000","timestamp":"2025-08-12T04:10:34.770Z"}
{"level":"info","message":"MongoDB подключён","timestamp":"2025-08-12T04:10:34.855Z"}
{"level":"info","message":"Сервер запущен на http://localhost:3000","timestamp":"2025-08-12T04:15:26.706Z"}
{"level":"info","message":"MongoDB подключён","timestamp":"2025-08-12T04:15:26.787Z"}
{"level":"info","message":"Сервер запущен на http://localhost:3000","timestamp":"2025-08-12T04:39:32.694Z"}
{"level":"info","message":"MongoDB подключён","timestamp":"2025-08-12T04:39:32.768Z"}
{"level":"info","message":"Сервер запущен на http://localhost:3000","timestamp":"2025-08-12T04:41:10.711Z"}
{"level":"info","message":"MongoDB подключён","timestamp":"2025-08-12T04:41:10.801Z"}
{"level":"info","message":"Сервер запущен на http://localhost:3000","timestamp":"2025-08-12T04:41:25.960Z"}
{"level":"info","message":"MongoDB подключён","timestamp":"2025-08-12T04:41:26.073Z"}
{"level":"info","message":"Сервер запущен на http://localhost:3000","timestamp":"2025-08-12T04:50:56.421Z"}
{"level":"info","message":"MongoDB подключён","timestamp":"2025-08-12T04:50:56.493Z"}
{"level":"info","message":"Сервер запущен на http://localhost:3000","timestamp":"2025-08-12T04:55:38.046Z"}
{"level":"info","message":"MongoDB подключён","timestamp":"2025-08-12T04:55:38.143Z"}
{"level":"info","message":"Сервер запущен на http://localhost:3000","timestamp":"2025-08-12T05:01:56.194Z"}
{"level":"info","message":"MongoDB подключён","timestamp":"2025-08-12T05:01:56.286Z"}
{"level":"info","message":"Сервер запущен на http://localhost:3000","timestamp":"2025-08-12T05:02:54.151Z"}
{"level":"info","message":"MongoDB подключён","timestamp":"2025-08-12T05:02:54.254Z"}
{"level":"info","message":"Сервер запущен на http://localhost:3000","timestamp":"2025-08-12T05:04:12.056Z"}
{"level":"info","message":"MongoDB подключён","timestamp":"2025-08-12T05:04:12.128Z"}
{"level":"info","message":"Сервер запущен на http://localhost:3000","timestamp":"2025-08-12T05:05:42.204Z"}
{"level":"info","message":"MongoDB подключён","timestamp":"2025-08-12T05:05:42.288Z"}
{"level":"info","message":"Сервер запущен на http://localhost:3000","timestamp":"2025-08-12T05:06:54.329Z"}
{"level":"info","message":"MongoDB подключён","timestamp":"2025-08-12T05:06:54.398Z"}
{"level":"info","message":"Сервер запущен на http://localhost:3000","timestamp":"2025-08-12T05:10:09.268Z"}
{"level":"info","message":"MongoDB подключён","timestamp":"2025-08-12T05:10:09.360Z"}
{"level":"info","message":"Сервер запущен на http://localhost:3000","timestamp":"2025-08-12T05:16:54.676Z"}
{"level":"info","message":"MongoDB подключён","timestamp":"2025-08-12T05:16:54.769Z"}
{"level":"info","message":"Сервер запущен на http://localhost:3000","timestamp":"2025-08-12T05:18:46.961Z"}
{"level":"info","message":"MongoDB подключён","timestamp":"2025-08-12T05:18:47.044Z"}
{"level":"info","message":"Сервер запущен на http://localhost:3000","timestamp":"2025-08-12T05:30:55.896Z"}
{"level":"info","message":"MongoDB подключён","timestamp":"2025-08-12T05:30:55.982Z"}
{"level":"info","message":"Сервер запущен на http://localhost:3000","timestamp":"2025-08-12T05:34:08.929Z"}
{"level":"info","message":"MongoDB подключён","timestamp":"2025-08-12T05:34:09.012Z"}
{"code":"ETIMEDOUT","errno":"ETIMEDOUT","level":"error","message":"Ошибка проверки BestChange: request to https://api.trongrid.io/v1/accounts/TFnzRB9fRciyoeyCWB9YXDUshCSSJVvYYE/transactions/trc20 failed, reason: connect ETIMEDOUT 18.157.190.97:443","stack":"FetchError: request to https://api.trongrid.io/v1/accounts/TFnzRB9fRciyoeyCWB9YXDUshCSSJVvYYE/transactions/trc20 failed, reason: connect ETIMEDOUT 18.157.190.97:443\n    at ClientRequest.<anonymous> (D:\\CHOIZZE\\choizze-backend\\node_modules\\node-fetch\\lib\\index.js:1501:11)\n    at ClientRequest.emit (node:events:514:28)\n    at TLSSocket.socketErrorListener (node:_http_client:501:9)\n    at TLSSocket.emit (node:events:514:28)\n    at emitErrorNT (node:internal/streams/destroy:151:8)\n    at emitErrorCloseNT (node:internal/streams/destroy:116:3)\n    at process.processTicksAndRejections (node:internal/process/task_queues:82:21)","timestamp":"2025-08-12T05:39:35.816Z","type":"system"}
{"level":"info","message":"Сервер запущен на http://localhost:3000","timestamp":"2025-08-12T05:42:15.210Z"}
{"level":"info","message":"MongoDB подключён","timestamp":"2025-08-12T05:42:24.993Z"}
{"code":"ECONNABORTED","errno":"ECONNABORTED","level":"error","message":"Ошибка проверки BestChange: request to https://api.trongrid.io/v1/accounts/TFnzRB9fRciyoeyCWB9YXDUshCSSJVvYYE/transactions/trc20 failed, reason: connect ECONNABORTED 3.66.78.218:443","stack":"FetchError: request to https://api.trongrid.io/v1/accounts/TFnzRB9fRciyoeyCWB9YXDUshCSSJVvYYE/transactions/trc20 failed, reason: connect ECONNABORTED 3.66.78.218:443\n    at ClientRequest.<anonymous> (D:\\CHOIZZE\\choizze-backend\\node_modules\\node-fetch\\lib\\index.js:1501:11)\n    at ClientRequest.emit (node:events:514:28)\n    at TLSSocket.socketErrorListener (node:_http_client:501:9)\n    at TLSSocket.emit (node:events:514:28)\n    at emitErrorNT (node:internal/streams/destroy:151:8)\n    at emitErrorCloseNT (node:internal/streams/destroy:116:3)\n    at process.processTicksAndRejections (node:internal/process/task_queues:82:21)","timestamp":"2025-08-12T05:55:15.984Z","type":"system"}
{"level":"info","message":"Сервер запущен на http://localhost:3000","timestamp":"2025-08-12T05:56:50.646Z"}
{"level":"info","message":"MongoDB подключён","timestamp":"2025-08-12T05:56:50.719Z"}
{"level":"info","message":"Сервер запущен на http://localhost:3000","timestamp":"2025-08-12T06:00:36.371Z"}
{"level":"info","message":"MongoDB подключён","timestamp":"2025-08-12T06:00:36.445Z"}
{"level":"info","message":"Сервер запущен на http://localhost:3000","timestamp":"2025-08-12T06:01:55.425Z"}
{"level":"info","message":"MongoDB подключён","timestamp":"2025-08-12T06:01:55.515Z"}
{"level":"info","message":"Сервер запущен на http://localhost:3000","timestamp":"2025-08-12T06:13:42.559Z"}
{"level":"info","message":"MongoDB подключён","timestamp":"2025-08-12T06:13:42.627Z"}
{"level":"info","message":"Сервер запущен на http://localhost:3000","timestamp":"2025-08-12T06:18:38.740Z"}
{"level":"info","message":"MongoDB подключён","timestamp":"2025-08-12T06:18:38.813Z"}
{"level":"info","message":"Сервер запущен на http://localhost:3000","timestamp":"2025-08-12T06:20:56.813Z"}
{"level":"info","message":"MongoDB подключён","timestamp":"2025-08-12T06:20:56.878Z"}
{"level":"info","message":"Сервер запущен на http://localhost:3000","timestamp":"2025-08-12T06:22:57.137Z"}
{"level":"info","message":"MongoDB подключён","timestamp":"2025-08-12T06:22:57.205Z"}
{"level":"info","message":"Сервер запущен на http://localhost:3000","timestamp":"2025-08-12T06:25:13.928Z"}
{"level":"info","message":"MongoDB подключён","timestamp":"2025-08-12T06:25:14.003Z"}
{"level":"info","message":"Сервер запущен на http://localhost:3000","timestamp":"2025-08-12T06:27:33.031Z"}
{"level":"info","message":"MongoDB подключён","timestamp":"2025-08-12T06:27:33.107Z"}
{"level":"info","message":"Сервер запущен на http://localhost:3000","timestamp":"2025-08-12T06:29:20.781Z"}
{"level":"info","message":"MongoDB подключён","timestamp":"2025-08-12T06:29:20.851Z"}
{"level":"info","message":"Сервер запущен на http://localhost:3000","timestamp":"2025-08-12T06:31:36.167Z"}
{"level":"info","message":"MongoDB подключён","timestamp":"2025-08-12T06:31:36.227Z"}
{"code":"ECONNRESET","errno":"ECONNRESET","level":"error","message":"Ошибка проверки BestChange: request to https://api.trongrid.io/v1/accounts/TFnzRB9fRciyoeyCWB9YXDUshCSSJVvYYE/transactions/trc20 failed, reason: read ECONNRESET","stack":"FetchError: request to https://api.trongrid.io/v1/accounts/TFnzRB9fRciyoeyCWB9YXDUshCSSJVvYYE/transactions/trc20 failed, reason: read ECONNRESET\n    at ClientRequest.<anonymous> (D:\\CHOIZZE\\choizze-backend\\node_modules\\node-fetch\\lib\\index.js:1501:11)\n    at ClientRequest.emit (node:events:514:28)\n    at TLSSocket.socketErrorListener (node:_http_client:501:9)\n    at TLSSocket.emit (node:events:514:28)\n    at emitErrorNT (node:internal/streams/destroy:151:8)\n    at emitErrorCloseNT (node:internal/streams/destroy:116:3)\n    at process.processTicksAndRejections (node:internal/process/task_queues:82:21)","timestamp":"2025-08-12T07:27:53.315Z","type":"system"}
{"code":"ECONNRESET","errno":"ECONNRESET","level":"error","message":"Ошибка проверки BestChange: request to https://api.trongrid.io/v1/accounts/TFnzRB9fRciyoeyCWB9YXDUshCSSJVvYYE/transactions/trc20 failed, reason: read ECONNRESET","stack":"FetchError: request to https://api.trongrid.io/v1/accounts/TFnzRB9fRciyoeyCWB9YXDUshCSSJVvYYE/transactions/trc20 failed, reason: read ECONNRESET\n    at ClientRequest.<anonymous> (D:\\CHOIZZE\\choizze-backend\\node_modules\\node-fetch\\lib\\index.js:1501:11)\n    at ClientRequest.emit (node:events:514:28)\n    at TLSSocket.socketErrorListener (node:_http_client:501:9)\n    at TLSSocket.emit (node:events:514:28)\n    at emitErrorNT (node:internal/streams/destroy:151:8)\n    at emitErrorCloseNT (node:internal/streams/destroy:116:3)\n    at process.processTicksAndRejections (node:internal/process/task_queues:82:21)","timestamp":"2025-08-12T07:28:45.936Z","type":"system"}
{"code":"ENOTFOUND","errno":"ENOTFOUND","level":"error","message":"Ошибка проверки BestChange: request to https://api.trongrid.io/v1/accounts/TFnzRB9fRciyoeyCWB9YXDUshCSSJVvYYE/transactions/trc20 failed, reason: getaddrinfo ENOTFOUND api.trongrid.io","stack":"FetchError: request to https://api.trongrid.io/v1/accounts/TFnzRB9fRciyoeyCWB9YXDUshCSSJVvYYE/transactions/trc20 failed, reason: getaddrinfo ENOTFOUND api.trongrid.io\n    at ClientRequest.<anonymous> (D:\\CHOIZZE\\choizze-backend\\node_modules\\node-fetch\\lib\\index.js:1501:11)\n    at ClientRequest.emit (node:events:514:28)\n    at TLSSocket.socketErrorListener (node:_http_client:501:9)\n    at TLSSocket.emit (node:events:514:28)\n    at emitErrorNT (node:internal/streams/destroy:151:8)\n    at emitErrorCloseNT (node:internal/streams/destroy:116:3)\n    at process.processTicksAndRejections (node:internal/process/task_queues:82:21)","timestamp":"2025-08-12T07:50:48.796Z","type":"system"}
{"code":"ENOTFOUND","errno":"ENOTFOUND","level":"error","message":"Ошибка проверки BestChange: request to https://api.trongrid.io/v1/accounts/TFnzRB9fRciyoeyCWB9YXDUshCSSJVvYYE/transactions/trc20 failed, reason: getaddrinfo ENOTFOUND api.trongrid.io","stack":"FetchError: request to https://api.trongrid.io/v1/accounts/TFnzRB9fRciyoeyCWB9YXDUshCSSJVvYYE/transactions/trc20 failed, reason: getaddrinfo ENOTFOUND api.trongrid.io\n    at ClientRequest.<anonymous> (D:\\CHOIZZE\\choizze-backend\\node_modules\\node-fetch\\lib\\index.js:1501:11)\n    at ClientRequest.emit (node:events:514:28)\n    at TLSSocket.socketErrorListener (node:_http_client:501:9)\n    at TLSSocket.emit (node:events:514:28)\n    at emitErrorNT (node:internal/streams/destroy:151:8)\n    at emitErrorCloseNT (node:internal/streams/destroy:116:3)\n    at process.processTicksAndRejections (node:internal/process/task_queues:82:21)","timestamp":"2025-08-12T07:53:48.811Z","type":"system"}
{"code":"ENOTFOUND","errno":"ENOTFOUND","level":"error","message":"Ошибка проверки BestChange: request to https://api.trongrid.io/v1/accounts/TFnzRB9fRciyoeyCWB9YXDUshCSSJVvYYE/transactions/trc20 failed, reason: getaddrinfo ENOTFOUND api.trongrid.io","stack":"FetchError: request to https://api.trongrid.io/v1/accounts/TFnzRB9fRciyoeyCWB9YXDUshCSSJVvYYE/transactions/trc20 failed, reason: getaddrinfo ENOTFOUND api.trongrid.io\n    at ClientRequest.<anonymous> (D:\\CHOIZZE\\choizze-backend\\node_modules\\node-fetch\\lib\\index.js:1501:11)\n    at ClientRequest.emit (node:events:514:28)\n    at TLSSocket.socketErrorListener (node:_http_client:501:9)\n    at TLSSocket.emit (node:events:514:28)\n    at emitErrorNT (node:internal/streams/destroy:151:8)\n    at emitErrorCloseNT (node:internal/streams/destroy:116:3)\n    at process.processTicksAndRejections (node:internal/process/task_queues:82:21)","timestamp":"2025-08-12T07:57:48.093Z","type":"system"}
{"code":"ECONNRESET","errno":"ECONNRESET","level":"error","message":"Ошибка проверки BestChange: request to https://api.trongrid.io/v1/accounts/TFnzRB9fRciyoeyCWB9YXDUshCSSJVvYYE/transactions/trc20 failed, reason: read ECONNRESET","stack":"FetchError: request to https://api.trongrid.io/v1/accounts/TFnzRB9fRciyoeyCWB9YXDUshCSSJVvYYE/transactions/trc20 failed, reason: read ECONNRESET\n    at ClientRequest.<anonymous> (D:\\CHOIZZE\\choizze-backend\\node_modules\\node-fetch\\lib\\index.js:1501:11)\n    at ClientRequest.emit (node:events:514:28)\n    at TLSSocket.socketErrorListener (node:_http_client:501:9)\n    at TLSSocket.emit (node:events:514:28)\n    at emitErrorNT (node:internal/streams/destroy:151:8)\n    at emitErrorCloseNT (node:internal/streams/destroy:116:3)\n    at process.processTicksAndRejections (node:internal/process/task_queues:82:21)","timestamp":"2025-08-12T07:59:56.598Z","type":"system"}
{"level":"info","message":"Сервер запущен на http://localhost:3000","timestamp":"2025-08-12T08:06:43.931Z"}
{"level":"info","message":"MongoDB подключён","timestamp":"2025-08-12T08:06:44.008Z"}
{"level":"info","message":"Сервер запущен на http://localhost:3000","timestamp":"2025-08-12T08:10:10.251Z"}
{"level":"info","message":"MongoDB подключён","timestamp":"2025-08-12T08:10:10.320Z"}
{"code":"ECONNRESET","errno":"ECONNRESET","level":"error","message":"Ошибка проверки BestChange: request to https://api.trongrid.io/v1/accounts/TFnzRB9fRciyoeyCWB9YXDUshCSSJVvYYE/transactions/trc20 failed, reason: read ECONNRESET","stack":"FetchError: request to https://api.trongrid.io/v1/accounts/TFnzRB9fRciyoeyCWB9YXDUshCSSJVvYYE/transactions/trc20 failed, reason: read ECONNRESET\n    at ClientRequest.<anonymous> (D:\\CHOIZZE\\choizze-backend\\node_modules\\node-fetch\\lib\\index.js:1501:11)\n    at ClientRequest.emit (node:events:514:28)\n    at TLSSocket.socketErrorListener (node:_http_client:501:9)\n    at TLSSocket.emit (node:events:514:28)\n    at emitErrorNT (node:internal/streams/destroy:151:8)\n    at emitErrorCloseNT (node:internal/streams/destroy:116:3)\n    at process.processTicksAndRejections (node:internal/process/task_queues:82:21)","timestamp":"2025-08-12T09:10:32.321Z","type":"system"}
{"code":"ECONNRESET","errno":"ECONNRESET","level":"error","message":"Ошибка проверки BestChange: request to https://api.trongrid.io/v1/accounts/TFnzRB9fRciyoeyCWB9YXDUshCSSJVvYYE/transactions/trc20 failed, reason: read ECONNRESET","stack":"FetchError: request to https://api.trongrid.io/v1/accounts/TFnzRB9fRciyoeyCWB9YXDUshCSSJVvYYE/transactions/trc20 failed, reason: read ECONNRESET\n    at ClientRequest.<anonymous> (D:\\CHOIZZE\\choizze-backend\\node_modules\\node-fetch\\lib\\index.js:1501:11)\n    at ClientRequest.emit (node:events:514:28)\n    at TLSSocket.socketErrorListener (node:_http_client:501:9)\n    at TLSSocket.emit (node:events:514:28)\n    at emitErrorNT (node:internal/streams/destroy:151:8)\n    at emitErrorCloseNT (node:internal/streams/destroy:116:3)\n    at process.processTicksAndRejections (node:internal/process/task_queues:82:21)","timestamp":"2025-08-12T09:11:22.268Z","type":"system"}
{"level":"info","message":"Сервер запущен на http://localhost:3000","timestamp":"2025-08-12T09:47:18.336Z"}
{"level":"info","message":"MongoDB подключён","timestamp":"2025-08-12T09:47:18.449Z"}
{"code":"ECONNRESET","errno":"ECONNRESET","level":"error","message":"Ошибка проверки BestChange: request to https://api.trongrid.io/v1/accounts/TFnzRB9fRciyoeyCWB9YXDUshCSSJVvYYE/transactions/trc20 failed, reason: read ECONNRESET","stack":"FetchError: request to https://api.trongrid.io/v1/accounts/TFnzRB9fRciyoeyCWB9YXDUshCSSJVvYYE/transactions/trc20 failed, reason: read ECONNRESET\n    at ClientRequest.<anonymous> (D:\\CHOIZZE\\choizze-backend\\node_modules\\node-fetch\\lib\\index.js:1501:11)\n    at ClientRequest.emit (node:events:514:28)\n    at TLSSocket.socketErrorListener (node:_http_client:501:9)\n    at TLSSocket.emit (node:events:514:28)\n    at emitErrorNT (node:internal/streams/destroy:151:8)\n    at emitErrorCloseNT (node:internal/streams/destroy:116:3)\n    at process.processTicksAndRejections (node:internal/process/task_queues:82:21)","timestamp":"2025-08-12T09:53:18.797Z","type":"system"}
{"code":"EAI_AGAIN","errno":"EAI_AGAIN","level":"error","message":"Ошибка проверки BestChange: request to https://api.trongrid.io/v1/accounts/TFnzRB9fRciyoeyCWB9YXDUshCSSJVvYYE/transactions/trc20 failed, reason: getaddrinfo EAI_AGAIN api.trongrid.io","stack":"FetchError: request to https://api.trongrid.io/v1/accounts/TFnzRB9fRciyoeyCWB9YXDUshCSSJVvYYE/transactions/trc20 failed, reason: getaddrinfo EAI_AGAIN api.trongrid.io\n    at ClientRequest.<anonymous> (D:\\CHOIZZE\\choizze-backend\\node_modules\\node-fetch\\lib\\index.js:1501:11)\n    at ClientRequest.emit (node:events:514:28)\n    at TLSSocket.socketErrorListener (node:_http_client:501:9)\n    at TLSSocket.emit (node:events:514:28)\n    at emitErrorNT (node:internal/streams/destroy:151:8)\n    at emitErrorCloseNT (node:internal/streams/destroy:116:3)\n    at process.processTicksAndRejections (node:internal/process/task_queues:82:21)","timestamp":"2025-08-12T10:01:29.601Z","type":"system"}
{"level":"info","message":"Сервер запущен на http://localhost:3000","timestamp":"2025-08-12T13:30:03.309Z"}
{"level":"info","message":"MongoDB подключён","timestamp":"2025-08-12T13:30:03.385Z"}
{"level":"info","message":"Сервер запущен на http://localhost:3000","timestamp":"2025-08-12T13:42:51.899Z"}
{"level":"info","message":"MongoDB подключён","timestamp":"2025-08-12T13:42:51.985Z"}
{"level":"info","message":"Сервер запущен на http://localhost:3000","timestamp":"2025-08-13T07:24:28.661Z"}
{"level":"info","message":"MongoDB подключён","timestamp":"2025-08-13T07:24:37.125Z"}
{"level":"info","message":"Сервер запущен на http://localhost:3000","timestamp":"2025-08-13T07:26:46.006Z"}
{"level":"info","message":"MongoDB подключён","timestamp":"2025-08-13T07:26:46.067Z"}
{"level":"info","message":"Сервер запущен на http://localhost:3000","timestamp":"2025-08-13T07:27:57.916Z"}
{"level":"info","message":"MongoDB подключён","timestamp":"2025-08-13T07:27:57.980Z"}
{"level":"info","message":"Сервер запущен на http://localhost:3000","timestamp":"2025-08-13T07:28:24.470Z"}
{"level":"info","message":"MongoDB подключён","timestamp":"2025-08-13T07:28:24.551Z"}
{"level":"info","message":"Сервер запущен на http://localhost:3000","timestamp":"2025-08-13T07:44:44.979Z"}
{"level":"info","message":"MongoDB подключён","timestamp":"2025-08-13T07:44:45.039Z"}
{"code":"EAI_AGAIN","errno":"EAI_AGAIN","level":"error","message":"Ошибка проверки BestChange: request to https://api.trongrid.io/v1/accounts/TFnzRB9fRciyoeyCWB9YXDUshCSSJVvYYE/transactions/trc20 failed, reason: getaddrinfo EAI_AGAIN api.trongrid.io","stack":"FetchError: request to https://api.trongrid.io/v1/accounts/TFnzRB9fRciyoeyCWB9YXDUshCSSJVvYYE/transactions/trc20 failed, reason: getaddrinfo EAI_AGAIN api.trongrid.io\n    at ClientRequest.<anonymous> (D:\\CHOIZZE\\choizze-backend\\node_modules\\node-fetch\\lib\\index.js:1501:11)\n    at ClientRequest.emit (node:events:514:28)\n    at TLSSocket.socketErrorListener (node:_http_client:501:9)\n    at TLSSocket.emit (node:events:514:28)\n    at emitErrorNT (node:internal/streams/destroy:151:8)\n    at emitErrorCloseNT (node:internal/streams/destroy:116:3)\n    at process.processTicksAndRejections (node:internal/process/task_queues:82:21)","timestamp":"2025-08-13T07:45:56.268Z","type":"system"}
{"level":"info","message":"Сервер запущен на http://localhost:3000","timestamp":"2025-08-13T08:04:55.120Z"}
{"level":"info","message":"MongoDB подключён","timestamp":"2025-08-13T08:04:55.179Z"}
{"level":"info","message":"Сервер запущен на http://localhost:3000","timestamp":"2025-08-13T08:19:02.712Z"}
{"level":"info","message":"MongoDB подключён","timestamp":"2025-08-13T08:19:02.785Z"}
{"code":"ECONNABORTED","errno":"ECONNABORTED","level":"error","message":"Ошибка проверки BestChange: request to https://api.trongrid.io/v1/accounts/TFnzRB9fRciyoeyCWB9YXDUshCSSJVvYYE/transactions/trc20 failed, reason: connect ECONNABORTED 18.157.190.97:443","stack":"FetchError: request to https://api.trongrid.io/v1/accounts/TFnzRB9fRciyoeyCWB9YXDUshCSSJVvYYE/transactions/trc20 failed, reason: connect ECONNABORTED 18.157.190.97:443\n    at ClientRequest.<anonymous> (D:\\CHOIZZE\\choizze-backend\\node_modules\\node-fetch\\lib\\index.js:1501:11)\n    at ClientRequest.emit (node:events:514:28)\n    at TLSSocket.socketErrorListener (node:_http_client:501:9)\n    at TLSSocket.emit (node:events:514:28)\n    at emitErrorNT (node:internal/streams/destroy:151:8)\n    at emitErrorCloseNT (node:internal/streams/destroy:116:3)\n    at process.processTicksAndRejections (node:internal/process/task_queues:82:21)","timestamp":"2025-08-13T08:28:03.423Z","type":"system"}
{"code":"ECONNRESET","errno":"ECONNRESET","level":"error","message":"Ошибка проверки BestChange: request to https://api.trongrid.io/v1/accounts/TFnzRB9fRciyoeyCWB9YXDUshCSSJVvYYE/transactions/trc20 failed, reason: read ECONNRESET","stack":"FetchError: request to https://api.trongrid.io/v1/accounts/TFnzRB9fRciyoeyCWB9YXDUshCSSJVvYYE/transactions/trc20 failed, reason: read ECONNRESET\n    at ClientRequest.<anonymous> (D:\\CHOIZZE\\choizze-backend\\node_modules\\node-fetch\\lib\\index.js:1501:11)\n    at ClientRequest.emit (node:events:514:28)\n    at TLSSocket.socketErrorListener (node:_http_client:501:9)\n    at TLSSocket.emit (node:events:514:28)\n    at emitErrorNT (node:internal/streams/destroy:151:8)\n    at emitErrorCloseNT (node:internal/streams/destroy:116:3)\n    at process.processTicksAndRejections (node:internal/process/task_queues:82:21)","timestamp":"2025-08-13T08:40:08.009Z","type":"system"}
{"code":"ECONNRESET","errno":"ECONNRESET","level":"error","message":"Ошибка проверки BestChange: request to https://api.trongrid.io/v1/accounts/TFnzRB9fRciyoeyCWB9YXDUshCSSJVvYYE/transactions/trc20 failed, reason: read ECONNRESET","stack":"FetchError: request to https://api.trongrid.io/v1/accounts/TFnzRB9fRciyoeyCWB9YXDUshCSSJVvYYE/transactions/trc20 failed, reason: read ECONNRESET\n    at ClientRequest.<anonymous> (D:\\CHOIZZE\\choizze-backend\\node_modules\\node-fetch\\lib\\index.js:1501:11)\n    at ClientRequest.emit (node:events:514:28)\n    at TLSSocket.socketErrorListener (node:_http_client:501:9)\n    at TLSSocket.emit (node:events:514:28)\n    at emitErrorNT (node:internal/streams/destroy:151:8)\n    at emitErrorCloseNT (node:internal/streams/destroy:116:3)\n    at process.processTicksAndRejections (node:internal/process/task_queues:82:21)","timestamp":"2025-08-13T08:41:07.019Z","type":"system"}
{"code":"ECONNRESET","errno":"ECONNRESET","level":"error","message":"Ошибка проверки BestChange: request to https://api.trongrid.io/v1/accounts/TFnzRB9fRciyoeyCWB9YXDUshCSSJVvYYE/transactions/trc20 failed, reason: read ECONNRESET","stack":"FetchError: request to https://api.trongrid.io/v1/accounts/TFnzRB9fRciyoeyCWB9YXDUshCSSJVvYYE/transactions/trc20 failed, reason: read ECONNRESET\n    at ClientRequest.<anonymous> (D:\\CHOIZZE\\choizze-backend\\node_modules\\node-fetch\\lib\\index.js:1501:11)\n    at ClientRequest.emit (node:events:514:28)\n    at TLSSocket.socketErrorListener (node:_http_client:501:9)\n    at TLSSocket.emit (node:events:514:28)\n    at emitErrorNT (node:internal/streams/destroy:151:8)\n    at emitErrorCloseNT (node:internal/streams/destroy:116:3)\n    at process.processTicksAndRejections (node:internal/process/task_queues:82:21)","timestamp":"2025-08-13T08:42:07.237Z","type":"system"}
{"code":"ECONNRESET","errno":"ECONNRESET","level":"error","message":"Ошибка проверки BestChange: request to https://api.trongrid.io/v1/accounts/TFnzRB9fRciyoeyCWB9YXDUshCSSJVvYYE/transactions/trc20 failed, reason: read ECONNRESET","stack":"FetchError: request to https://api.trongrid.io/v1/accounts/TFnzRB9fRciyoeyCWB9YXDUshCSSJVvYYE/transactions/trc20 failed, reason: read ECONNRESET\n    at ClientRequest.<anonymous> (D:\\CHOIZZE\\choizze-backend\\node_modules\\node-fetch\\lib\\index.js:1501:11)\n    at ClientRequest.emit (node:events:514:28)\n    at TLSSocket.socketErrorListener (node:_http_client:501:9)\n    at TLSSocket.emit (node:events:514:28)\n    at emitErrorNT (node:internal/streams/destroy:151:8)\n    at emitErrorCloseNT (node:internal/streams/destroy:116:3)\n    at process.processTicksAndRejections (node:internal/process/task_queues:82:21)","timestamp":"2025-08-13T08:43:24.669Z","type":"system"}
{"code":"ENOTFOUND","errno":"ENOTFOUND","level":"error","message":"Ошибка проверки BestChange: request to https://api.trongrid.io/v1/accounts/TFnzRB9fRciyoeyCWB9YXDUshCSSJVvYYE/transactions/trc20 failed, reason: getaddrinfo ENOTFOUND api.trongrid.io","stack":"FetchError: request to https://api.trongrid.io/v1/accounts/TFnzRB9fRciyoeyCWB9YXDUshCSSJVvYYE/transactions/trc20 failed, reason: getaddrinfo ENOTFOUND api.trongrid.io\n    at ClientRequest.<anonymous> (D:\\CHOIZZE\\choizze-backend\\node_modules\\node-fetch\\lib\\index.js:1501:11)\n    at ClientRequest.emit (node:events:514:28)\n    at TLSSocket.socketErrorListener (node:_http_client:501:9)\n    at TLSSocket.emit (node:events:514:28)\n    at emitErrorNT (node:internal/streams/destroy:151:8)\n    at emitErrorCloseNT (node:internal/streams/destroy:116:3)\n    at process.processTicksAndRejections (node:internal/process/task_queues:82:21)","timestamp":"2025-08-13T09:05:03.070Z","type":"system"}
{"level":"info","message":"Сервер запущен на http://localhost:3000","timestamp":"2025-08-13T09:12:28.167Z"}
{"level":"info","message":"MongoDB подключён","timestamp":"2025-08-13T09:12:28.242Z"}
{"code":"ENOTFOUND","errno":"ENOTFOUND","level":"error","message":"Ошибка проверки BestChange: request to https://api.trongrid.io/v1/accounts/TFnzRB9fRciyoeyCWB9YXDUshCSSJVvYYE/transactions/trc20 failed, reason: getaddrinfo ENOTFOUND api.trongrid.io","stack":"FetchError: request to https://api.trongrid.io/v1/accounts/TFnzRB9fRciyoeyCWB9YXDUshCSSJVvYYE/transactions/trc20 failed, reason: getaddrinfo ENOTFOUND api.trongrid.io\n    at ClientRequest.<anonymous> (D:\\CHOIZZE\\choizze-backend\\node_modules\\node-fetch\\lib\\index.js:1501:11)\n    at ClientRequest.emit (node:events:514:28)\n    at TLSSocket.socketErrorListener (node:_http_client:501:9)\n    at TLSSocket.emit (node:events:514:28)\n    at emitErrorNT (node:internal/streams/destroy:151:8)\n    at emitErrorCloseNT (node:internal/streams/destroy:116:3)\n    at process.processTicksAndRejections (node:internal/process/task_queues:82:21)","timestamp":"2025-08-13T09:14:40.225Z","type":"system"}
{"code":"ENOTFOUND","errno":"ENOTFOUND","level":"error","message":"Ошибка проверки BestChange: request to https://api.trongrid.io/v1/accounts/TFnzRB9fRciyoeyCWB9YXDUshCSSJVvYYE/transactions/trc20 failed, reason: getaddrinfo ENOTFOUND api.trongrid.io","stack":"FetchError: request to https://api.trongrid.io/v1/accounts/TFnzRB9fRciyoeyCWB9YXDUshCSSJVvYYE/transactions/trc20 failed, reason: getaddrinfo ENOTFOUND api.trongrid.io\n    at ClientRequest.<anonymous> (D:\\CHOIZZE\\choizze-backend\\node_modules\\node-fetch\\lib\\index.js:1501:11)\n    at ClientRequest.emit (node:events:514:28)\n    at TLSSocket.socketErrorListener (node:_http_client:501:9)\n    at TLSSocket.emit (node:events:514:28)\n    at emitErrorNT (node:internal/streams/destroy:151:8)\n    at emitErrorCloseNT (node:internal/streams/destroy:116:3)\n    at process.processTicksAndRejections (node:internal/process/task_queues:82:21)","timestamp":"2025-08-13T09:16:40.242Z","type":"system"}
{"code":"ECONNRESET","errno":"ECONNRESET","level":"error","message":"Ошибка проверки BestChange: request to https://api.trongrid.io/v1/accounts/TFnzRB9fRciyoeyCWB9YXDUshCSSJVvYYE/transactions/trc20 failed, reason: read ECONNRESET","stack":"FetchError: request to https://api.trongrid.io/v1/accounts/TFnzRB9fRciyoeyCWB9YXDUshCSSJVvYYE/transactions/trc20 failed, reason: read ECONNRESET\n    at ClientRequest.<anonymous> (D:\\CHOIZZE\\choizze-backend\\node_modules\\node-fetch\\lib\\index.js:1501:11)\n    at ClientRequest.emit (node:events:514:28)\n    at TLSSocket.socketErrorListener (node:_http_client:501:9)\n    at TLSSocket.emit (node:events:514:28)\n    at emitErrorNT (node:internal/streams/destroy:151:8)\n    at emitErrorCloseNT (node:internal/streams/destroy:116:3)\n    at process.processTicksAndRejections (node:internal/process/task_queues:82:21)","timestamp":"2025-08-13T11:21:16.442Z","type":"system"}
{"level":"info","message":"Сервер запущен на http://localhost:3000","timestamp":"2025-08-13T11:33:44.816Z"}
{"level":"info","message":"MongoDB подключён","timestamp":"2025-08-13T11:33:44.886Z"}
{"level":"info","message":"Сервер запущен на http://localhost:3000","timestamp":"2025-08-13T11:34:49.161Z"}
{"level":"info","message":"MongoDB подключён","timestamp":"2025-08-13T11:34:49.230Z"}
{"level":"info","message":"Сервер запущен на http://localhost:3000","timestamp":"2025-08-13T17:13:08.034Z"}
{"level":"info","message":"MongoDB подключён","timestamp":"2025-08-13T17:13:08.214Z"}
{"level":"info","message":"Сервер запущен на http://localhost:3000","timestamp":"2025-08-13T17:14:10.979Z"}
{"level":"info","message":"MongoDB подключён","timestamp":"2025-08-13T17:14:11.049Z"}
{"level":"info","message":"Сервер запущен на http://localhost:3000","timestamp":"2025-08-13T17:28:10.854Z"}
{"level":"info","message":"MongoDB подключён","timestamp":"2025-08-13T17:28:10.925Z"}
{"level":"info","message":"Сервер запущен на http://localhost:3000","timestamp":"2025-08-13T17:34:19.717Z"}
{"level":"info","message":"MongoDB подключён","timestamp":"2025-08-13T17:34:19.788Z"}
{"level":"info","message":"Сервер запущен на http://localhost:3000","timestamp":"2025-08-13T17:40:59.439Z"}
{"level":"info","message":"MongoDB подключён","timestamp":"2025-08-13T17:40:59.503Z"}
{"level":"info","message":"Сервер запущен на http://localhost:3000","timestamp":"2025-08-13T17:45:20.740Z"}
{"level":"info","message":"MongoDB подключён","timestamp":"2025-08-13T17:45:20.818Z"}
{"level":"info","message":"Сервер запущен на http://localhost:3000","timestamp":"2025-08-13T17:46:33.248Z"}
{"level":"info","message":"MongoDB подключён","timestamp":"2025-08-13T17:46:33.337Z"}
{"level":"info","message":"Сервер запущен на http://localhost:3000","timestamp":"2025-08-13T17:48:22.846Z"}
{"level":"info","message":"MongoDB подключён","timestamp":"2025-08-13T17:48:22.911Z"}
{"level":"info","message":"Сервер запущен на http://localhost:3000","timestamp":"2025-08-13T17:55:39.696Z"}
{"level":"info","message":"MongoDB подключён","timestamp":"2025-08-13T17:55:39.763Z"}
{"level":"info","message":"Сервер запущен на http://localhost:3000","timestamp":"2025-08-13T17:58:06.187Z"}
{"level":"info","message":"MongoDB подключён","timestamp":"2025-08-13T17:58:06.253Z"}
{"level":"info","message":"Сервер запущен на http://localhost:3000","timestamp":"2025-08-13T18:00:19.996Z"}
{"level":"info","message":"MongoDB подключён","timestamp":"2025-08-13T18:00:20.062Z"}
{"level":"info","message":"Сервер запущен на http://localhost:3000","timestamp":"2025-08-13T18:07:22.352Z"}
{"level":"info","message":"MongoDB подключён","timestamp":"2025-08-13T18:07:22.426Z"}
{"level":"info","message":"Сервер запущен на http://localhost:3000","timestamp":"2025-08-13T18:15:20.989Z"}
{"level":"info","message":"MongoDB подключён","timestamp":"2025-08-13T18:15:21.064Z"}
